TN:
SF:/Users/peerachatboonchan/workspace/studentclass/src/app.js
FN:22,(anonymous_0)
FN:26,(anonymous_1)
FNF:2
FNH:0
FNDA:0,(anonymous_0)
FNDA:0,(anonymous_1)
DA:1,1
DA:2,1
DA:3,1
DA:4,1
DA:5,1
DA:6,1
DA:7,1
DA:8,1
DA:10,1
DA:15,1
DA:16,1
DA:17,1
DA:19,1
DA:20,1
DA:22,1
DA:23,0
DA:26,1
DA:27,0
DA:32,1
LF:19
LH:17
BRF:0
BRH:0
end_of_record
TN:
SF:/Users/peerachatboonchan/workspace/studentclass/src/config.js
FNF:0
FNH:0
DA:1,1
DA:2,0
DA:4,1
LF:3
LH:2
BRDA:1,0,0,0
BRDA:1,0,1,1
BRF:2
BRH:1
end_of_record
TN:
SF:/Users/peerachatboonchan/workspace/studentclass/src/__tests__/helperTest/db.js
FN:15,(anonymous_0)
FNF:1
FNH:1
FNDA:1,(anonymous_0)
DA:1,1
DA:2,1
DA:3,1
DA:4,1
DA:6,1
DA:7,1
DA:15,1
DA:16,1
DA:17,1
DA:20,1
LF:10
LH:10
BRF:0
BRH:0
end_of_record
TN:
SF:/Users/peerachatboonchan/workspace/studentclass/src/config/config-dev.js
FNF:0
FNH:0
DA:1,1
LF:1
LH:1
BRF:0
BRH:0
end_of_record
TN:
SF:/Users/peerachatboonchan/workspace/studentclass/src/helper/createToken.js
FN:4,(anonymous_0)
FNF:1
FNH:1
FNDA:3,(anonymous_0)
DA:1,1
DA:2,1
DA:4,1
DA:5,3
DA:6,3
LF:5
LH:5
BRF:0
BRH:0
end_of_record
TN:
SF:/Users/peerachatboonchan/workspace/studentclass/src/middlewares/authMiddleware.js
FN:5,(anonymous_0)
FNF:1
FNH:1
FNDA:2,(anonymous_0)
DA:1,1
DA:2,1
DA:3,1
DA:5,1
DA:6,2
DA:7,2
DA:8,2
DA:9,1
DA:12,1
DA:13,1
DA:14,1
DA:16,1
DA:20,1
LF:13
LH:13
BRF:0
BRH:0
end_of_record
TN:
SF:/Users/peerachatboonchan/workspace/studentclass/src/models/User.js
FN:13,(anonymous_0)
FN:35,(anonymous_1)
FN:38,(anonymous_2)
FN:41,(anonymous_3)
FN:50,(anonymous_4)
FN:51,(anonymous_5)
FNF:6
FNH:6
FNDA:3,(anonymous_0)
FNDA:3,(anonymous_1)
FNDA:3,(anonymous_2)
FNDA:3,(anonymous_3)
FNDA:2,(anonymous_4)
FNDA:2,(anonymous_5)
DA:1,1
DA:2,1
DA:3,1
DA:4,1
DA:6,1
DA:14,3
DA:15,0
DA:35,1
DA:36,3
DA:38,3
DA:39,3
DA:41,3
DA:42,3
DA:44,3
DA:45,3
DA:50,1
DA:51,2
DA:52,2
DA:54,2
DA:58,1
LF:20
LH:19
BRDA:14,0,0,0
BRDA:14,0,1,3
BRDA:39,1,0,0
BRDA:39,1,1,3
BRDA:42,2,0,0
BRDA:42,2,1,3
BRDA:52,3,0,0
BRDA:52,3,1,2
BRF:8
BRH:4
end_of_record
TN:
SF:/Users/peerachatboonchan/workspace/studentclass/src/routers/authRouter.js
FN:8,(anonymous_0)
FN:9,(anonymous_1)
FN:13,(anonymous_2)
FN:20,(anonymous_3)
FN:29,(anonymous_4)
FN:43,(anonymous_5)
FNF:6
FNH:6
FNDA:1,(anonymous_0)
FNDA:1,(anonymous_1)
FNDA:1,(anonymous_2)
FNDA:1,(anonymous_3)
FNDA:1,(anonymous_4)
FNDA:1,(anonymous_5)
DA:1,1
DA:2,1
DA:3,1
DA:4,1
DA:6,1
DA:8,1
DA:9,1
DA:10,1
DA:13,1
DA:14,1
DA:15,1
DA:16,1
DA:17,1
DA:20,1
DA:21,1
DA:22,1
DA:23,1
DA:25,1
DA:26,0
DA:29,1
DA:30,1
DA:32,1
DA:33,0
DA:36,1
DA:41,1
DA:43,1
DA:44,1
DA:46,1
DA:52,1
LF:29
LH:27
BRDA:25,0,0,0
BRDA:25,0,1,1
BRDA:25,1,0,1
BRDA:25,1,1,1
BRDA:30,2,0,0
BRDA:30,2,1,1
BRDA:32,3,0,0
BRDA:32,3,1,1
BRDA:44,4,0,0
BRDA:44,4,1,1
BRF:10
BRH:6
end_of_record
TN:
SF:/Users/peerachatboonchan/workspace/studentclass/src/services/passport.js
FN:9,(anonymous_0)
FN:16,(anonymous_1)
FNF:2
FNH:2
FNDA:2,(anonymous_0)
FNDA:2,(anonymous_1)
DA:1,1
DA:2,1
DA:3,1
DA:4,1
DA:5,1
DA:6,1
DA:8,1
DA:9,1
DA:10,2
DA:11,2
DA:12,2
DA:13,0
DA:16,2
DA:17,2
DA:18,0
DA:20,2
DA:21,1
DA:23,1
DA:27,0
DA:31,1
LF:20
LH:17
BRDA:12,0,0,0
BRDA:12,0,1,2
BRDA:17,1,0,0
BRDA:17,1,1,2
BRDA:20,2,0,1
BRDA:20,2,1,1
BRF:6
BRH:4
end_of_record
